FATAL main com.socialnetwork.common.DataScriptExecutor - Init SQL script error
} FATAL DataScriptExecuter:34 - Init SQL script error
org.h2.jdbc.JdbcSQLException: Таблица "DIALOGS" не найдена
Table "DIALOGS" not found; SQL statement:
CREATE TABLE Messages (  id      BIGINT        NOT NULL PRIMARY KEY AUTO_INCREMENT,  sender  BIGINT        NOT NULL,  dialog  BIGINT        NOT NULL,  message VARCHAR(2000) NOT NULL,  time    TIMESTAMP     NOT NULL,  is_read BOOLEAN                            DEFAULT FALSE,  FOREIGN KEY (sender) REFERENCES Users (id),  FOREIGN KEY (dialog) REFERENCES Dialogs (id)) [42102-193]
	at org.h2.message.DbException.getJdbcSQLException(DbException.java:345)
	at org.h2.message.DbException.get(DbException.java:179)
	at org.h2.message.DbException.get(DbException.java:155)
	at org.h2.schema.Schema.getTableOrView(Schema.java:437)
	at org.h2.command.ddl.AlterTableAddConstraint.tryUpdate(AlterTableAddConstraint.java:201)
	at org.h2.command.ddl.AlterTableAddConstraint.update(AlterTableAddConstraint.java:77)
	at org.h2.command.ddl.CreateTable.update(CreateTable.java:176)
	at org.h2.command.CommandContainer.update(CommandContainer.java:98)
	at org.h2.command.Command.executeUpdate(Command.java:258)
	at org.h2.jdbc.JdbcStatement.executeUpdateInternal(JdbcStatement.java:130)
	at org.h2.jdbc.JdbcStatement.executeUpdate(JdbcStatement.java:115)
	at com.socialnetwork.common.DataScriptExecutor.initSqlData(DataScriptExecuter.java:31)
	at com.socialnetwork.dao.h2.MessageDaoImplTest.initTest(MessageDaoImplTest.java:28)
	at sun.reflect.NativeMethodAccessorImpl.invoke0(Native Method)
	at sun.reflect.NativeMethodAccessorImpl.invoke(NativeMethodAccessorImpl.java:62)
	at sun.reflect.DelegatingMethodAccessorImpl.invoke(DelegatingMethodAccessorImpl.java:43)
	at java.lang.reflect.Method.invoke(Method.java:498)
	at org.junit.runners.model.FrameworkMethod$1.runReflectiveCall(FrameworkMethod.java:50)
	at org.junit.internal.runners.model.ReflectiveCallable.run(ReflectiveCallable.java:12)
	at org.junit.runners.model.FrameworkMethod.invokeExplosively(FrameworkMethod.java:47)
	at org.junit.internal.runners.statements.RunBefores.evaluate(RunBefores.java:24)
	at org.junit.runners.ParentRunner.runLeaf(ParentRunner.java:325)
	at org.junit.runners.BlockJUnit4ClassRunner.runChild(BlockJUnit4ClassRunner.java:78)
	at org.junit.runners.BlockJUnit4ClassRunner.runChild(BlockJUnit4ClassRunner.java:57)
	at org.junit.runners.ParentRunner$3.run(ParentRunner.java:290)
	at org.junit.runners.ParentRunner$1.schedule(ParentRunner.java:71)
	at org.junit.runners.ParentRunner.runChildren(ParentRunner.java:288)
	at org.junit.runners.ParentRunner.access$000(ParentRunner.java:58)
	at org.junit.runners.ParentRunner$2.evaluate(ParentRunner.java:268)
	at org.junit.runners.ParentRunner.run(ParentRunner.java:363)
	at org.junit.runner.JUnitCore.run(JUnitCore.java:137)
	at com.intellij.junit4.JUnit4IdeaTestRunner.startRunnerWithArgs(JUnit4IdeaTestRunner.java:117)
	at com.intellij.junit4.JUnit4IdeaTestRunner.startRunnerWithArgs(JUnit4IdeaTestRunner.java:42)
	at com.intellij.rt.execution.junit.JUnitStarter.prepareStreamsAndStart(JUnitStarter.java:262)
	at com.intellij.rt.execution.junit.JUnitStarter.main(JUnitStarter.java:84)
	at sun.reflect.NativeMethodAccessorImpl.invoke0(Native Method)
	at sun.reflect.NativeMethodAccessorImpl.invoke(NativeMethodAccessorImpl.java:62)
	at sun.reflect.DelegatingMethodAccessorImpl.invoke(DelegatingMethodAccessorImpl.java:43)
	at java.lang.reflect.Method.invoke(Method.java:498)
	at com.intellij.rt.execution.application.AppMain.main(AppMain.java:147)
FATAL main com.socialnetwork.common.DataScriptExecutor - Init SQL script error
} FATAL DataScriptExecuter:34 - Init SQL script error
org.h2.jdbc.JdbcSQLException: Таблица "USERS" уже существует
Table "USERS" already exists; SQL statement:
CREATE TABLE Users (  id         BIGINT PRIMARY KEY AUTO_INCREMENT,  email      VARCHAR(255) NOT NULL UNIQUE,  password   VARCHAR(255) NOT NULL,  first_name VARCHAR(255) NOT NULL,  last_name  VARCHAR(255) NOT NULL,  gender     INT          NOT NULL,  role       INT          NOT NULL,  telephone  VARCHAR(20),  birthday   DATE,  country    VARCHAR(20),  city       VARCHAR(25),  university VARCHAR(50),  team       INT,  position   INT,  about      VARCHAR(255),) [42101-193]
	at org.h2.message.DbException.getJdbcSQLException(DbException.java:345)
	at org.h2.message.DbException.get(DbException.java:179)
	at org.h2.message.DbException.get(DbException.java:155)
	at org.h2.command.ddl.CreateTable.update(CreateTable.java:115)
	at org.h2.command.CommandContainer.update(CommandContainer.java:98)
	at org.h2.command.Command.executeUpdate(Command.java:258)
	at org.h2.jdbc.JdbcStatement.executeUpdateInternal(JdbcStatement.java:130)
	at org.h2.jdbc.JdbcStatement.executeUpdate(JdbcStatement.java:115)
	at com.socialnetwork.common.DataScriptExecutor.initSqlData(DataScriptExecuter.java:31)
	at com.socialnetwork.dao.h2.MessageDaoImplTest.initTest(MessageDaoImplTest.java:28)
	at sun.reflect.NativeMethodAccessorImpl.invoke0(Native Method)
	at sun.reflect.NativeMethodAccessorImpl.invoke(NativeMethodAccessorImpl.java:62)
	at sun.reflect.DelegatingMethodAccessorImpl.invoke(DelegatingMethodAccessorImpl.java:43)
	at java.lang.reflect.Method.invoke(Method.java:498)
	at org.junit.runners.model.FrameworkMethod$1.runReflectiveCall(FrameworkMethod.java:50)
	at org.junit.internal.runners.model.ReflectiveCallable.run(ReflectiveCallable.java:12)
	at org.junit.runners.model.FrameworkMethod.invokeExplosively(FrameworkMethod.java:47)
	at org.junit.internal.runners.statements.RunBefores.evaluate(RunBefores.java:24)
	at org.junit.runners.ParentRunner.runLeaf(ParentRunner.java:325)
	at org.junit.runners.BlockJUnit4ClassRunner.runChild(BlockJUnit4ClassRunner.java:78)
	at org.junit.runners.BlockJUnit4ClassRunner.runChild(BlockJUnit4ClassRunner.java:57)
	at org.junit.runners.ParentRunner$3.run(ParentRunner.java:290)
	at org.junit.runners.ParentRunner$1.schedule(ParentRunner.java:71)
	at org.junit.runners.ParentRunner.runChildren(ParentRunner.java:288)
	at org.junit.runners.ParentRunner.access$000(ParentRunner.java:58)
	at org.junit.runners.ParentRunner$2.evaluate(ParentRunner.java:268)
	at org.junit.runners.ParentRunner.run(ParentRunner.java:363)
	at org.junit.runner.JUnitCore.run(JUnitCore.java:137)
	at com.intellij.junit4.JUnit4IdeaTestRunner.startRunnerWithArgs(JUnit4IdeaTestRunner.java:117)
	at com.intellij.junit4.JUnit4IdeaTestRunner.startRunnerWithArgs(JUnit4IdeaTestRunner.java:42)
	at com.intellij.rt.execution.junit.JUnitStarter.prepareStreamsAndStart(JUnitStarter.java:262)
	at com.intellij.rt.execution.junit.JUnitStarter.main(JUnitStarter.java:84)
	at sun.reflect.NativeMethodAccessorImpl.invoke0(Native Method)
	at sun.reflect.NativeMethodAccessorImpl.invoke(NativeMethodAccessorImpl.java:62)
	at sun.reflect.DelegatingMethodAccessorImpl.invoke(DelegatingMethodAccessorImpl.java:43)
	at java.lang.reflect.Method.invoke(Method.java:498)
	at com.intellij.rt.execution.application.AppMain.main(AppMain.java:147)
FATAL main com.socialnetwork.common.DataScriptExecutor - Init SQL script error
} FATAL DataScriptExecuter:34 - Init SQL script error
org.h2.jdbc.JdbcSQLException: Таблица "USERS" уже существует
Table "USERS" already exists; SQL statement:
CREATE TABLE Users (  id         BIGINT PRIMARY KEY AUTO_INCREMENT,  email      VARCHAR(255) NOT NULL UNIQUE,  password   VARCHAR(255) NOT NULL,  first_name VARCHAR(255) NOT NULL,  last_name  VARCHAR(255) NOT NULL,  gender     INT          NOT NULL,  role       INT          NOT NULL,  telephone  VARCHAR(20),  birthday   DATE,  country    VARCHAR(20),  city       VARCHAR(25),  university VARCHAR(50),  team       INT,  position   INT,  about      VARCHAR(255),) [42101-193]
	at org.h2.message.DbException.getJdbcSQLException(DbException.java:345)
	at org.h2.message.DbException.get(DbException.java:179)
	at org.h2.message.DbException.get(DbException.java:155)
	at org.h2.command.ddl.CreateTable.update(CreateTable.java:115)
	at org.h2.command.CommandContainer.update(CommandContainer.java:98)
	at org.h2.command.Command.executeUpdate(Command.java:258)
	at org.h2.jdbc.JdbcStatement.executeUpdateInternal(JdbcStatement.java:130)
	at org.h2.jdbc.JdbcStatement.executeUpdate(JdbcStatement.java:115)
	at com.socialnetwork.common.DataScriptExecutor.initSqlData(DataScriptExecuter.java:31)
	at com.socialnetwork.dao.h2.MessageDaoImplTest.initTest(MessageDaoImplTest.java:28)
	at sun.reflect.NativeMethodAccessorImpl.invoke0(Native Method)
	at sun.reflect.NativeMethodAccessorImpl.invoke(NativeMethodAccessorImpl.java:62)
	at sun.reflect.DelegatingMethodAccessorImpl.invoke(DelegatingMethodAccessorImpl.java:43)
	at java.lang.reflect.Method.invoke(Method.java:498)
	at org.junit.runners.model.FrameworkMethod$1.runReflectiveCall(FrameworkMethod.java:50)
	at org.junit.internal.runners.model.ReflectiveCallable.run(ReflectiveCallable.java:12)
	at org.junit.runners.model.FrameworkMethod.invokeExplosively(FrameworkMethod.java:47)
	at org.junit.internal.runners.statements.RunBefores.evaluate(RunBefores.java:24)
	at org.junit.runners.ParentRunner.runLeaf(ParentRunner.java:325)
	at org.junit.runners.BlockJUnit4ClassRunner.runChild(BlockJUnit4ClassRunner.java:78)
	at org.junit.runners.BlockJUnit4ClassRunner.runChild(BlockJUnit4ClassRunner.java:57)
	at org.junit.runners.ParentRunner$3.run(ParentRunner.java:290)
	at org.junit.runners.ParentRunner$1.schedule(ParentRunner.java:71)
	at org.junit.runners.ParentRunner.runChildren(ParentRunner.java:288)
	at org.junit.runners.ParentRunner.access$000(ParentRunner.java:58)
	at org.junit.runners.ParentRunner$2.evaluate(ParentRunner.java:268)
	at org.junit.runners.ParentRunner.run(ParentRunner.java:363)
	at org.junit.runner.JUnitCore.run(JUnitCore.java:137)
	at com.intellij.junit4.JUnit4IdeaTestRunner.startRunnerWithArgs(JUnit4IdeaTestRunner.java:117)
	at com.intellij.junit4.JUnit4IdeaTestRunner.startRunnerWithArgs(JUnit4IdeaTestRunner.java:42)
	at com.intellij.rt.execution.junit.JUnitStarter.prepareStreamsAndStart(JUnitStarter.java:262)
	at com.intellij.rt.execution.junit.JUnitStarter.main(JUnitStarter.java:84)
	at sun.reflect.NativeMethodAccessorImpl.invoke0(Native Method)
	at sun.reflect.NativeMethodAccessorImpl.invoke(NativeMethodAccessorImpl.java:62)
	at sun.reflect.DelegatingMethodAccessorImpl.invoke(DelegatingMethodAccessorImpl.java:43)
	at java.lang.reflect.Method.invoke(Method.java:498)
	at com.intellij.rt.execution.application.AppMain.main(AppMain.java:147)
FATAL main com.socialnetwork.common.DataScriptExecutor - Init SQL script error
} FATAL DataScriptExecuter:34 - Init SQL script error
org.h2.jdbc.JdbcSQLException: Таблица "USERS" уже существует
Table "USERS" already exists; SQL statement:
CREATE TABLE Users (  id         BIGINT PRIMARY KEY AUTO_INCREMENT,  email      VARCHAR(255) NOT NULL UNIQUE,  password   VARCHAR(255) NOT NULL,  first_name VARCHAR(255) NOT NULL,  last_name  VARCHAR(255) NOT NULL,  gender     INT          NOT NULL,  role       INT          NOT NULL,  telephone  VARCHAR(20),  birthday   DATE,  country    VARCHAR(20),  city       VARCHAR(25),  university VARCHAR(50),  team       INT,  position   INT,  about      VARCHAR(255),) [42101-193]
	at org.h2.message.DbException.getJdbcSQLException(DbException.java:345)
	at org.h2.message.DbException.get(DbException.java:179)
	at org.h2.message.DbException.get(DbException.java:155)
	at org.h2.command.ddl.CreateTable.update(CreateTable.java:115)
	at org.h2.command.CommandContainer.update(CommandContainer.java:98)
	at org.h2.command.Command.executeUpdate(Command.java:258)
	at org.h2.jdbc.JdbcStatement.executeUpdateInternal(JdbcStatement.java:130)
	at org.h2.jdbc.JdbcStatement.executeUpdate(JdbcStatement.java:115)
	at com.socialnetwork.common.DataScriptExecutor.initSqlData(DataScriptExecuter.java:31)
	at com.socialnetwork.dao.h2.MessageDaoImplTest.initTest(MessageDaoImplTest.java:28)
	at sun.reflect.NativeMethodAccessorImpl.invoke0(Native Method)
	at sun.reflect.NativeMethodAccessorImpl.invoke(NativeMethodAccessorImpl.java:62)
	at sun.reflect.DelegatingMethodAccessorImpl.invoke(DelegatingMethodAccessorImpl.java:43)
	at java.lang.reflect.Method.invoke(Method.java:498)
	at org.junit.runners.model.FrameworkMethod$1.runReflectiveCall(FrameworkMethod.java:50)
	at org.junit.internal.runners.model.ReflectiveCallable.run(ReflectiveCallable.java:12)
	at org.junit.runners.model.FrameworkMethod.invokeExplosively(FrameworkMethod.java:47)
	at org.junit.internal.runners.statements.RunBefores.evaluate(RunBefores.java:24)
	at org.junit.runners.ParentRunner.runLeaf(ParentRunner.java:325)
	at org.junit.runners.BlockJUnit4ClassRunner.runChild(BlockJUnit4ClassRunner.java:78)
	at org.junit.runners.BlockJUnit4ClassRunner.runChild(BlockJUnit4ClassRunner.java:57)
	at org.junit.runners.ParentRunner$3.run(ParentRunner.java:290)
	at org.junit.runners.ParentRunner$1.schedule(ParentRunner.java:71)
	at org.junit.runners.ParentRunner.runChildren(ParentRunner.java:288)
	at org.junit.runners.ParentRunner.access$000(ParentRunner.java:58)
	at org.junit.runners.ParentRunner$2.evaluate(ParentRunner.java:268)
	at org.junit.runners.ParentRunner.run(ParentRunner.java:363)
	at org.junit.runner.JUnitCore.run(JUnitCore.java:137)
	at com.intellij.junit4.JUnit4IdeaTestRunner.startRunnerWithArgs(JUnit4IdeaTestRunner.java:117)
	at com.intellij.junit4.JUnit4IdeaTestRunner.startRunnerWithArgs(JUnit4IdeaTestRunner.java:42)
	at com.intellij.rt.execution.junit.JUnitStarter.prepareStreamsAndStart(JUnitStarter.java:262)
	at com.intellij.rt.execution.junit.JUnitStarter.main(JUnitStarter.java:84)
	at sun.reflect.NativeMethodAccessorImpl.invoke0(Native Method)
	at sun.reflect.NativeMethodAccessorImpl.invoke(NativeMethodAccessorImpl.java:62)
	at sun.reflect.DelegatingMethodAccessorImpl.invoke(DelegatingMethodAccessorImpl.java:43)
	at java.lang.reflect.Method.invoke(Method.java:498)
	at com.intellij.rt.execution.application.AppMain.main(AppMain.java:147)
FATAL main com.socialnetwork.common.DataScriptExecutor - Init SQL script error
} FATAL DataScriptExecuter:34 - Init SQL script error
org.h2.jdbc.JdbcSQLException: Таблица "USERS" уже существует
Table "USERS" already exists; SQL statement:
CREATE TABLE Users (  id         BIGINT PRIMARY KEY AUTO_INCREMENT,  email      VARCHAR(255) NOT NULL UNIQUE,  password   VARCHAR(255) NOT NULL,  first_name VARCHAR(255) NOT NULL,  last_name  VARCHAR(255) NOT NULL,  gender     INT          NOT NULL,  role       INT          NOT NULL,  telephone  VARCHAR(20),  birthday   DATE,  country    VARCHAR(20),  city       VARCHAR(25),  university VARCHAR(50),  team       INT,  position   INT,  about      VARCHAR(255),) [42101-193]
	at org.h2.message.DbException.getJdbcSQLException(DbException.java:345)
	at org.h2.message.DbException.get(DbException.java:179)
	at org.h2.message.DbException.get(DbException.java:155)
	at org.h2.command.ddl.CreateTable.update(CreateTable.java:115)
	at org.h2.command.CommandContainer.update(CommandContainer.java:98)
	at org.h2.command.Command.executeUpdate(Command.java:258)
	at org.h2.jdbc.JdbcStatement.executeUpdateInternal(JdbcStatement.java:130)
	at org.h2.jdbc.JdbcStatement.executeUpdate(JdbcStatement.java:115)
	at com.socialnetwork.common.DataScriptExecutor.initSqlData(DataScriptExecuter.java:31)
	at com.socialnetwork.dao.h2.MessageDaoImplTest.initTest(MessageDaoImplTest.java:28)
	at sun.reflect.NativeMethodAccessorImpl.invoke0(Native Method)
	at sun.reflect.NativeMethodAccessorImpl.invoke(NativeMethodAccessorImpl.java:62)
	at sun.reflect.DelegatingMethodAccessorImpl.invoke(DelegatingMethodAccessorImpl.java:43)
	at java.lang.reflect.Method.invoke(Method.java:498)
	at org.junit.runners.model.FrameworkMethod$1.runReflectiveCall(FrameworkMethod.java:50)
	at org.junit.internal.runners.model.ReflectiveCallable.run(ReflectiveCallable.java:12)
	at org.junit.runners.model.FrameworkMethod.invokeExplosively(FrameworkMethod.java:47)
	at org.junit.internal.runners.statements.RunBefores.evaluate(RunBefores.java:24)
	at org.junit.runners.ParentRunner.runLeaf(ParentRunner.java:325)
	at org.junit.runners.BlockJUnit4ClassRunner.runChild(BlockJUnit4ClassRunner.java:78)
	at org.junit.runners.BlockJUnit4ClassRunner.runChild(BlockJUnit4ClassRunner.java:57)
	at org.junit.runners.ParentRunner$3.run(ParentRunner.java:290)
	at org.junit.runners.ParentRunner$1.schedule(ParentRunner.java:71)
	at org.junit.runners.ParentRunner.runChildren(ParentRunner.java:288)
	at org.junit.runners.ParentRunner.access$000(ParentRunner.java:58)
	at org.junit.runners.ParentRunner$2.evaluate(ParentRunner.java:268)
	at org.junit.runners.ParentRunner.run(ParentRunner.java:363)
	at org.junit.runner.JUnitCore.run(JUnitCore.java:137)
	at com.intellij.junit4.JUnit4IdeaTestRunner.startRunnerWithArgs(JUnit4IdeaTestRunner.java:117)
	at com.intellij.junit4.JUnit4IdeaTestRunner.startRunnerWithArgs(JUnit4IdeaTestRunner.java:42)
	at com.intellij.rt.execution.junit.JUnitStarter.prepareStreamsAndStart(JUnitStarter.java:262)
	at com.intellij.rt.execution.junit.JUnitStarter.main(JUnitStarter.java:84)
	at sun.reflect.NativeMethodAccessorImpl.invoke0(Native Method)
	at sun.reflect.NativeMethodAccessorImpl.invoke(NativeMethodAccessorImpl.java:62)
	at sun.reflect.DelegatingMethodAccessorImpl.invoke(DelegatingMethodAccessorImpl.java:43)
	at java.lang.reflect.Method.invoke(Method.java:498)
	at com.intellij.rt.execution.application.AppMain.main(AppMain.java:147)
FATAL main com.socialnetwork.common.DataScriptExecutor - Init SQL script error
} FATAL DataScriptExecuter:34 - Init SQL script error
org.h2.jdbc.JdbcSQLException: Таблица "USERS" уже существует
Table "USERS" already exists; SQL statement:
CREATE TABLE Users (  id         BIGINT PRIMARY KEY AUTO_INCREMENT,  email      VARCHAR(255) NOT NULL UNIQUE,  password   VARCHAR(255) NOT NULL,  first_name VARCHAR(255) NOT NULL,  last_name  VARCHAR(255) NOT NULL,  gender     INT          NOT NULL,  role       INT          NOT NULL,  telephone  VARCHAR(20),  birthday   DATE,  country    VARCHAR(20),  city       VARCHAR(25),  university VARCHAR(50),  team       INT,  position   INT,  about      VARCHAR(255),) [42101-193]
	at org.h2.message.DbException.getJdbcSQLException(DbException.java:345)
	at org.h2.message.DbException.get(DbException.java:179)
	at org.h2.message.DbException.get(DbException.java:155)
	at org.h2.command.ddl.CreateTable.update(CreateTable.java:115)
	at org.h2.command.CommandContainer.update(CommandContainer.java:98)
	at org.h2.command.Command.executeUpdate(Command.java:258)
	at org.h2.jdbc.JdbcStatement.executeUpdateInternal(JdbcStatement.java:130)
	at org.h2.jdbc.JdbcStatement.executeUpdate(JdbcStatement.java:115)
	at com.socialnetwork.common.DataScriptExecutor.initSqlData(DataScriptExecuter.java:31)
	at com.socialnetwork.dao.h2.MessageDaoImplTest.initTest(MessageDaoImplTest.java:28)
	at sun.reflect.NativeMethodAccessorImpl.invoke0(Native Method)
	at sun.reflect.NativeMethodAccessorImpl.invoke(NativeMethodAccessorImpl.java:62)
	at sun.reflect.DelegatingMethodAccessorImpl.invoke(DelegatingMethodAccessorImpl.java:43)
	at java.lang.reflect.Method.invoke(Method.java:498)
	at org.junit.runners.model.FrameworkMethod$1.runReflectiveCall(FrameworkMethod.java:50)
	at org.junit.internal.runners.model.ReflectiveCallable.run(ReflectiveCallable.java:12)
	at org.junit.runners.model.FrameworkMethod.invokeExplosively(FrameworkMethod.java:47)
	at org.junit.internal.runners.statements.RunBefores.evaluate(RunBefores.java:24)
	at org.junit.runners.ParentRunner.runLeaf(ParentRunner.java:325)
	at org.junit.runners.BlockJUnit4ClassRunner.runChild(BlockJUnit4ClassRunner.java:78)
	at org.junit.runners.BlockJUnit4ClassRunner.runChild(BlockJUnit4ClassRunner.java:57)
	at org.junit.runners.ParentRunner$3.run(ParentRunner.java:290)
	at org.junit.runners.ParentRunner$1.schedule(ParentRunner.java:71)
	at org.junit.runners.ParentRunner.runChildren(ParentRunner.java:288)
	at org.junit.runners.ParentRunner.access$000(ParentRunner.java:58)
	at org.junit.runners.ParentRunner$2.evaluate(ParentRunner.java:268)
	at org.junit.runners.ParentRunner.run(ParentRunner.java:363)
	at org.junit.runner.JUnitCore.run(JUnitCore.java:137)
	at com.intellij.junit4.JUnit4IdeaTestRunner.startRunnerWithArgs(JUnit4IdeaTestRunner.java:117)
	at com.intellij.junit4.JUnit4IdeaTestRunner.startRunnerWithArgs(JUnit4IdeaTestRunner.java:42)
	at com.intellij.rt.execution.junit.JUnitStarter.prepareStreamsAndStart(JUnitStarter.java:262)
	at com.intellij.rt.execution.junit.JUnitStarter.main(JUnitStarter.java:84)
	at sun.reflect.NativeMethodAccessorImpl.invoke0(Native Method)
	at sun.reflect.NativeMethodAccessorImpl.invoke(NativeMethodAccessorImpl.java:62)
	at sun.reflect.DelegatingMethodAccessorImpl.invoke(DelegatingMethodAccessorImpl.java:43)
	at java.lang.reflect.Method.invoke(Method.java:498)
	at com.intellij.rt.execution.application.AppMain.main(AppMain.java:147)
FATAL main com.socialnetwork.common.DataScriptExecutor - Init SQL script error
} FATAL DataScriptExecuter:34 - Init SQL script error
org.h2.jdbc.JdbcSQLException: Таблица "DIALOGS" не найдена
Table "DIALOGS" not found; SQL statement:
CREATE TABLE Messages (  id       BIGINT        NOT NULL PRIMARY KEY AUTO_INCREMENT,  sender   BIGINT        NOT NULL,  dialog   BIGINT        NOT NULL,  message  VARCHAR(2000) NOT NULL,  msg_time TIMESTAMP     NOT NULL,  is_read  BOOLEAN                            DEFAULT FALSE,  FOREIGN KEY (sender) REFERENCES Users (id),  FOREIGN KEY (dialog) REFERENCES Dialogs (id)) [42102-193]
	at org.h2.message.DbException.getJdbcSQLException(DbException.java:345)
	at org.h2.message.DbException.get(DbException.java:179)
	at org.h2.message.DbException.get(DbException.java:155)
	at org.h2.schema.Schema.getTableOrView(Schema.java:437)
	at org.h2.command.ddl.AlterTableAddConstraint.tryUpdate(AlterTableAddConstraint.java:201)
	at org.h2.command.ddl.AlterTableAddConstraint.update(AlterTableAddConstraint.java:77)
	at org.h2.command.ddl.CreateTable.update(CreateTable.java:176)
	at org.h2.command.CommandContainer.update(CommandContainer.java:98)
	at org.h2.command.Command.executeUpdate(Command.java:258)
	at org.h2.jdbc.JdbcStatement.executeUpdateInternal(JdbcStatement.java:130)
	at org.h2.jdbc.JdbcStatement.executeUpdate(JdbcStatement.java:115)
	at com.socialnetwork.common.DataScriptExecutor.initSqlData(DataScriptExecuter.java:31)
	at com.socialnetwork.dao.h2.DialogDaoImplTest.initTest(DialogDaoImplTest.java:27)
	at sun.reflect.NativeMethodAccessorImpl.invoke0(Native Method)
	at sun.reflect.NativeMethodAccessorImpl.invoke(NativeMethodAccessorImpl.java:62)
	at sun.reflect.DelegatingMethodAccessorImpl.invoke(DelegatingMethodAccessorImpl.java:43)
	at java.lang.reflect.Method.invoke(Method.java:498)
	at org.junit.runners.model.FrameworkMethod$1.runReflectiveCall(FrameworkMethod.java:50)
	at org.junit.internal.runners.model.ReflectiveCallable.run(ReflectiveCallable.java:12)
	at org.junit.runners.model.FrameworkMethod.invokeExplosively(FrameworkMethod.java:47)
	at org.junit.internal.runners.statements.RunBefores.evaluate(RunBefores.java:24)
	at org.junit.runners.ParentRunner.run(ParentRunner.java:363)
	at org.junit.runner.JUnitCore.run(JUnitCore.java:137)
	at com.intellij.junit4.JUnit4IdeaTestRunner.startRunnerWithArgs(JUnit4IdeaTestRunner.java:117)
	at com.intellij.junit4.JUnit4IdeaTestRunner.startRunnerWithArgs(JUnit4IdeaTestRunner.java:42)
	at com.intellij.rt.execution.junit.JUnitStarter.prepareStreamsAndStart(JUnitStarter.java:262)
	at com.intellij.rt.execution.junit.JUnitStarter.main(JUnitStarter.java:84)
	at sun.reflect.NativeMethodAccessorImpl.invoke0(Native Method)
	at sun.reflect.NativeMethodAccessorImpl.invoke(NativeMethodAccessorImpl.java:62)
	at sun.reflect.DelegatingMethodAccessorImpl.invoke(DelegatingMethodAccessorImpl.java:43)
	at java.lang.reflect.Method.invoke(Method.java:498)
	at com.intellij.rt.execution.application.AppMain.main(AppMain.java:147)
